x:\crowdsimulation\demo\debug\vc120.pdb
x:\crowdsimulation\demo\debug\moc_pedsimulation.obj
x:\crowdsimulation\demo\debug\moc_parsescenario.obj
x:\crowdsimulation\demo\debug\main.obj
x:\crowdsimulation\demo\debug\viewagent.obj
x:\crowdsimulation\demo\debug\pedsimulation.obj
x:\crowdsimulation\demo\debug\parsescenario.obj
x:\crowdsimulation\demo\debug\mainwindow.obj
x:\crowdsimulation\demo\debug\demo\demo.lib
x:\crowdsimulation\demo\debug\demo\demo.exp
x:\crowdsimulation\demo\debug\moc_parsescenario.cpp
x:\crowdsimulation\demo\debug\moc_pedsimulation.cpp
x:\crowdsimulation\demo\debug\moc_pedsimulation.nativecodeanalysis.xml
x:\crowdsimulation\demo\debug\moc_parsescenario.nativecodeanalysis.xml
x:\crowdsimulation\demo\debug\main.nativecodeanalysis.xml
x:\crowdsimulation\demo\debug\viewagent.nativecodeanalysis.xml
x:\crowdsimulation\demo\debug\pedsimulation.nativecodeanalysis.xml
x:\crowdsimulation\demo\debug\parsescenario.nativecodeanalysis.xml
x:\crowdsimulation\demo\debug\mainwindow.nativecodeanalysis.xml
x:\crowdsimulation\demo\debug\demo\demo.exe
x:\crowdsimulation\demo\debug\demo.tlog\link.command.1.tlog
x:\crowdsimulation\demo\debug\demo.tlog\link.write.1.tlog
x:\crowdsimulation\demo\debug\demo.tlog\link.read.1.tlog
x:\crowdsimulation\demo\debug\demo.tlog\cl.command.1.tlog
x:\crowdsimulation\demo\debug\demo.tlog\cl.write.1.tlog
x:\crowdsimulation\demo\debug\demo.tlog\cl.read.1.tlog
x:\crowdsimulation\demo\debug\demo.tlog\demo.write.1u.tlog
x:\crowdsimulation\demo\debug\demo.tlog\custombuild.command.1.tlog
x:\crowdsimulation\demo\debug\demo.tlog\custombuild.read.1.tlog
x:\crowdsimulation\demo\debug\demo.tlog\custombuild.write.1.tlog
x:\crowdsimulation\demo\debug\demo.tlog\metagen.write.1.tlog
x:\crowdsimulation\demo\debug\demo.tlog\metagen.read.1.tlog
