c:\users\nego9578\downloads\group-a4-olsson-gouda-hiort\crowdsimulation4\libpedsim\x64\debug\vc120.pdb
c:\users\nego9578\downloads\group-a4-olsson-gouda-hiort\crowdsimulation4\libpedsim\x64\debug\vc120.idb
c:\users\nego9578\downloads\group-a4-olsson-gouda-hiort\crowdsimulation4\libpedsim\x64\debug\heatmap_seq.obj
c:\users\nego9578\downloads\group-a4-olsson-gouda-hiort\crowdsimulation4\libpedsim\x64\debug\ped_agent.obj
c:\users\nego9578\downloads\group-a4-olsson-gouda-hiort\crowdsimulation4\libpedsim\x64\debug\ped_model.obj
c:\users\nego9578\downloads\group-a4-olsson-gouda-hiort\crowdsimulation4\libpedsim\x64\debug\ped_vector.obj
c:\users\nego9578\downloads\group-a4-olsson-gouda-hiort\crowdsimulation4\libpedsim\x64\debug\ped_waypoint.obj
x:\crowdsimulation4\libpedsim\x64\debug\vc120.pdb
x:\crowdsimulation4\libpedsim\x64\debug\vc120.idb
x:\crowdsimulation4\libpedsim\x64\debug\heatmap_seq.obj
x:\crowdsimulation4\libpedsim\x64\debug\ped_agent.obj
x:\crowdsimulation4\libpedsim\x64\debug\ped_model.obj
x:\crowdsimulation4\libpedsim\x64\debug\ped_vector.obj
x:\crowdsimulation4\libpedsim\x64\debug\ped_waypoint.obj
c:\users\nego9578\downloads\crowdsimulation4\libpedsim\x64\debug\vc120.pdb
c:\users\nego9578\downloads\crowdsimulation4\libpedsim\x64\debug\vc120.idb
c:\users\nego9578\downloads\crowdsimulation4\libpedsim\x64\debug\heatmap_seq.obj
c:\users\nego9578\downloads\crowdsimulation4\libpedsim\x64\debug\ped_agent.obj
c:\users\nego9578\downloads\crowdsimulation4\libpedsim\x64\debug\ped_model.obj
c:\users\nego9578\downloads\crowdsimulation4\libpedsim\x64\debug\ped_vector.obj
c:\users\nego9578\downloads\crowdsimulation4\libpedsim\x64\debug\ped_waypoint.obj
c:\users\nego9578\downloads\group-a4-olsson-gouda-hiort\crowdsimulation4\x64\debug\libpedsim.lib
x:\crowdsimulation4\x64\debug\libpedsim.lib
c:\users\nego9578\downloads\crowdsimulation4\x64\debug\libpedsim.lib
c:\users\nego9578\downloads\crowdsimulation4\libpedsim\x64\debug\cuda_agent.cu.cache
c:\users\nego9578\downloads\crowdsimulation4\libpedsim\x64\debug\cuda_testkernel.cu.cache
c:\users\nego9578\downloads\crowdsimulation4\libpedsim\x64\debug\cuda_agent.cu.obj
c:\users\nego9578\downloads\crowdsimulation4\libpedsim\x64\debug\cuda_testkernel.cu.obj
c:\users\nego9578\downloads\crowdsimulation4\libpedsim\x64\debug\libpedsim.tlog\cl.command.1.tlog
c:\users\nego9578\downloads\crowdsimulation4\libpedsim\x64\debug\libpedsim.tlog\cl.read.1.tlog
c:\users\nego9578\downloads\crowdsimulation4\libpedsim\x64\debug\libpedsim.tlog\cl.write.1.tlog
c:\users\nego9578\downloads\crowdsimulation4\libpedsim\x64\debug\libpedsim.tlog\lib-link.read.1.tlog
c:\users\nego9578\downloads\crowdsimulation4\libpedsim\x64\debug\libpedsim.tlog\lib-link.write.1.tlog
c:\users\nego9578\downloads\crowdsimulation4\libpedsim\x64\debug\libpedsim.tlog\lib.command.1.tlog
