x:\crowdsimulation\libpedsim\x64\debug\vc120.pdb
x:\crowdsimulation\libpedsim\x64\debug\vc120.idb
x:\crowdsimulation\libpedsim\x64\debug\heatmap_seq.obj
x:\crowdsimulation\libpedsim\x64\debug\ped_agent.obj
x:\crowdsimulation\libpedsim\x64\debug\ped_model.obj
x:\crowdsimulation\libpedsim\x64\debug\ped_vector.obj
x:\crowdsimulation\libpedsim\x64\debug\ped_waypoint.obj
c:\users\jeol8854\downloads\crowdsimulation\libpedsim\x64\debug\vc120.pdb
c:\users\jeol8854\downloads\crowdsimulation\libpedsim\x64\debug\vc120.idb
c:\users\jeol8854\downloads\crowdsimulation\libpedsim\x64\debug\heatmap_seq.obj
c:\users\jeol8854\downloads\crowdsimulation\libpedsim\x64\debug\ped_agent.obj
c:\users\jeol8854\downloads\crowdsimulation\libpedsim\x64\debug\ped_model.obj
c:\users\jeol8854\downloads\crowdsimulation\libpedsim\x64\debug\ped_vector.obj
c:\users\jeol8854\downloads\crowdsimulation\libpedsim\x64\debug\ped_waypoint.obj
x:\crowdsimulation\x64\debug\libpedsim.lib
c:\users\jeol8854\downloads\crowdsimulation\x64\debug\libpedsim.lib
c:\users\jeol8854\downloads\crowdsimulation\libpedsim\x64\debug\cuda_testkernel.cu.cache
c:\users\jeol8854\downloads\crowdsimulation\libpedsim\x64\debug\cuda_testkernel.cu.obj
c:\users\jeol8854\downloads\crowdsimulation\libpedsim\x64\debug\libpedsim.tlog\cl.command.1.tlog
c:\users\jeol8854\downloads\crowdsimulation\libpedsim\x64\debug\libpedsim.tlog\cl.read.1.tlog
c:\users\jeol8854\downloads\crowdsimulation\libpedsim\x64\debug\libpedsim.tlog\cl.write.1.tlog
c:\users\jeol8854\downloads\crowdsimulation\libpedsim\x64\debug\libpedsim.tlog\lib-link.read.1.tlog
c:\users\jeol8854\downloads\crowdsimulation\libpedsim\x64\debug\libpedsim.tlog\lib-link.write.1.tlog
c:\users\jeol8854\downloads\crowdsimulation\libpedsim\x64\debug\libpedsim.tlog\lib.command.1.tlog
