Build started 2018-02-15 09:06:27.
     1>Project "C:\Users\jeol8854\Downloads\group-A4-Olsson-Gouda-Hiort\CrowdSimulation3.1\Libpedsim\Libpedsim.vcxproj" on node 2 (Build target(s)).
     1>CudaBuild:
         Compiling CUDA source file src\cuda_testkernel.cu...
         cmd.exe /C "C:\Users\jeol8854\AppData\Local\Temp\tmp94cbb9160f8941d5bb677672ec5ffaba.cmd"
         "C:\Program Files\NVIDIA GPU Computing Toolkit\CUDA\v7.5\bin\nvcc.exe" -gencode=arch=compute_20,code=\"sm_20,compute_20\" --use-local-env --cl-version 2013 -ccbin "C:\Program Files (x86)\Microsoft Visual Studio 12.0\VC\bin\x86_amd64"  -I"C:\Program Files\NVIDIA GPU Computing Toolkit\CUDA\v7.5\include" -I"C:\Program Files\NVIDIA GPU Computing Toolkit\CUDA\v7.5\include"     --keep-dir x64\timing-release -maxrregcount=0  --machine 64 --compile -cudart static     -DWIN32 -DWIN64 -DNDEBUG -D_CONSOLE -D_MBCS -Xcompiler "/EHsc /W3 /nologo /O2 /Zi  /MD " -o x64\timing-release\cuda_testkernel.cu.obj "C:\Users\jeol8854\Downloads\group-A4-Olsson-Gouda-Hiort\CrowdSimulation3.1\Libpedsim\src\cuda_testkernel.cu"
         
         C:\Users\jeol8854\Downloads\group-A4-Olsson-Gouda-Hiort\CrowdSimulation3.1\Libpedsim>"C:\Program Files\NVIDIA GPU Computing Toolkit\CUDA\v7.5\bin\nvcc.exe" -gencode=arch=compute_20,code=\"sm_20,compute_20\" --use-local-env --cl-version 2013 -ccbin "C:\Program Files (x86)\Microsoft Visual Studio 12.0\VC\bin\x86_amd64"  -I"C:\Program Files\NVIDIA GPU Computing Toolkit\CUDA\v7.5\include" -I"C:\Program Files\NVIDIA GPU Computing Toolkit\CUDA\v7.5\include"     --keep-dir x64\timing-release -maxrregcount=0  --machine 64 --compile -cudart static     -DWIN32 -DWIN64 -DNDEBUG -D_CONSOLE -D_MBCS -Xcompiler "/EHsc /W3 /nologo /O2 /Zi  /MD " -o x64\timing-release\cuda_testkernel.cu.obj "C:\Users\jeol8854\Downloads\group-A4-Olsson-Gouda-Hiort\CrowdSimulation3.1\Libpedsim\src\cuda_testkernel.cu" 
         cuda_testkernel.cu
       ClCompile:
         C:\Program Files (x86)\Microsoft Visual Studio 12.0\VC\bin\x86_amd64\CL.exe /c /I"C:\Program Files\NVIDIA GPU Computing Toolkit\CUDA\v7.5\include" /Zi /nologo /W3 /WX- /O2 /Oi /GL /D WIN32 /D WIN64 /D NDEBUG /D _CONSOLE /D _MBCS /Gm- /EHsc /MD /GS /Gy /fp:precise /Zc:wchar_t /Zc:forScope /openmp /Fo"x64\timing-release\\" /Fd"x64\timing-release\vc120.pdb" /Gd /TP /errorReport:prompt src\heatmap_seq.cpp src\ped_agent.cpp src\ped_model.cpp src\ped_vector.cpp src\ped_waypoint.cpp
         heatmap_seq.cpp
     1>c:\users\jeol8854\downloads\group-a4-olsson-gouda-hiort\crowdsimulation3.1\libpedsim\src\ped_model.h(94): warning C4244: 'initializing' : conversion from 'double' to 'int', possible loss of data
     1>c:\users\jeol8854\downloads\group-a4-olsson-gouda-hiort\crowdsimulation3.1\libpedsim\src\ped_model.h(95): warning C4244: 'initializing' : conversion from 'double' to 'int', possible loss of data
         ped_agent.cpp
         ped_model.cpp
     1>c:\users\jeol8854\downloads\group-a4-olsson-gouda-hiort\crowdsimulation3.1\libpedsim\src\ped_model.h(94): warning C4244: 'initializing' : conversion from 'double' to 'int', possible loss of data
     1>c:\users\jeol8854\downloads\group-a4-olsson-gouda-hiort\crowdsimulation3.1\libpedsim\src\ped_model.h(95): warning C4244: 'initializing' : conversion from 'double' to 'int', possible loss of data
     1>src\ped_model.cpp(52): warning C4244: 'initializing' : conversion from 'double' to 'int', possible loss of data
     1>src\ped_model.cpp(53): warning C4244: 'initializing' : conversion from 'double' to 'int', possible loss of data
     1>src\ped_model.cpp(112): warning C4244: '=' : conversion from 'int' to 'float', possible loss of data
     1>src\ped_model.cpp(113): warning C4244: '=' : conversion from 'int' to 'float', possible loss of data
     1>src\ped_model.cpp(116): warning C4244: '=' : conversion from 'double' to 'float', possible loss of data
     1>src\ped_model.cpp(117): warning C4244: '=' : conversion from 'double' to 'float', possible loss of data
     1>src\ped_model.cpp(118): warning C4244: '=' : conversion from 'double' to 'float', possible loss of data
     1>src\ped_model.cpp(278): warning C4244: '=' : conversion from 'double' to 'float', possible loss of data
     1>src\ped_model.cpp(279): warning C4244: '=' : conversion from 'double' to 'float', possible loss of data
     1>src\ped_model.cpp(280): warning C4244: '=' : conversion from 'double' to 'float', possible loss of data
     1>src\ped_model.cpp(298): warning C4244: 'argument' : conversion from 'float' to 'int', possible loss of data
     1>src\ped_model.cpp(299): warning C4244: 'argument' : conversion from 'float' to 'int', possible loss of data
     1>src\ped_model.cpp(332): warning C4244: '=' : conversion from 'double' to 'float', possible loss of data
     1>src\ped_model.cpp(333): warning C4244: '=' : conversion from 'double' to 'float', possible loss of data
     1>src\ped_model.cpp(334): warning C4244: '=' : conversion from 'double' to 'float', possible loss of data
         ped_vector.cpp
         ped_waypoint.cpp
       Lib:
         C:\Program Files (x86)\Microsoft Visual Studio 12.0\VC\bin\x86_amd64\Lib.exe /OUT:"C:\Users\jeol8854\Downloads\group-A4-Olsson-Gouda-Hiort\CrowdSimulation3.1\x64\timing-release\Libpedsim.lib" /NOLOGO /MACHINE:X64 /LTCG "x64\timing-release\cuda_testkernel.cu.obj"
         "x64\timing-release\heatmap_seq.obj"
         "x64\timing-release\ped_agent.obj"
         "x64\timing-release\ped_model.obj"
         "x64\timing-release\ped_vector.obj"
         "x64\timing-release\ped_waypoint.obj"
         Libpedsim.vcxproj -> C:\Users\jeol8854\Downloads\group-A4-Olsson-Gouda-Hiort\CrowdSimulation3.1\x64\timing-release\Libpedsim.lib
       PostBuildEvent:
         echo copy "C:\Program Files\NVIDIA GPU Computing Toolkit\CUDA\v7.5\bin\cudart*.dll" "C:\Users\jeol8854\Downloads\group-A4-Olsson-Gouda-Hiort\CrowdSimulation3.1\x64\timing-release\"
         copy "C:\Program Files\NVIDIA GPU Computing Toolkit\CUDA\v7.5\bin\cudart*.dll" "C:\Users\jeol8854\Downloads\group-A4-Olsson-Gouda-Hiort\CrowdSimulation3.1\x64\timing-release\"
         :VCEnd
         copy "C:\Program Files\NVIDIA GPU Computing Toolkit\CUDA\v7.5\bin\cudart*.dll" "C:\Users\jeol8854\Downloads\group-A4-Olsson-Gouda-Hiort\CrowdSimulation3.1\x64\timing-release\"
         C:\Program Files\NVIDIA GPU Computing Toolkit\CUDA\v7.5\bin\cudart32_75.dll
         C:\Program Files\NVIDIA GPU Computing Toolkit\CUDA\v7.5\bin\cudart64_75.dll
                 2 file(s) copied.
     1>Done Building Project "C:\Users\jeol8854\Downloads\group-A4-Olsson-Gouda-Hiort\CrowdSimulation3.1\Libpedsim\Libpedsim.vcxproj" (Build target(s)).

Build succeeded.

Time Elapsed 00:00:06.83
